#
# A fatal error has been detected by the Java Runtime Environment:
#
#  EXCEPTION_ACCESS_VIOLATION (0xc0000005) at pc=0x10258603, pid=580, tid=1564
#
# JRE version: 7.0_21-b11
# Java VM: Java HotSpot(TM) Client VM (23.21-b01 mixed mode, sharing windows-x86 )
# Problematic frame:
# C  [nvd3dum.dll+0x258603]
#
# Failed to write core dump. Minidumps are not enabled by default on client versions of Windows
#
# If you would like to submit a bug report, please visit:
#   http://bugreport.sun.com/bugreport/crash.jsp
# The crash happened outside the Java Virtual Machine in native code.
# See problematic frame for where to report the bug.
#

---------------  T H R E A D  ---------------

Current thread (0x03d52c00):  JavaThread "AWT-Windows" daemon [_thread_in_native, id=1564, stack(0x040f0000,0x04140000)]

siginfo: ExceptionCode=0xc0000005, writing address 0x00000004

Registers:
EAX=0x00000000, EBX=0x04c34870, ECX=0x1034d8d2, EDX=0x00000016
ESP=0x0413cee8, EBP=0x0442e554, ESI=0x00001000, EDI=0x00000000
EIP=0x10258603, EFLAGS=0x00010246

Top of Stack: (sp=0x0413cee8)
0x0413cee8:   03fd6e40 00020000 00000000 80000000
0x0413cef8:   1034d3ef 00000004 03fd6e40 10257fb8
0x0413cf08:   04420048 00000000 00001000 0000ffff
0x0413cf18:   0413cf64 0002d765 10259402 04420048
0x0413cf28:   80000000 0028e150 03fd4f00 03fd4f00
0x0413cf38:   00000000 00040000 1029d42a 103a53c8
0x0413cf48:   00000001 00000284 00000000 03fd4f00
0x0413cf58:   03fd6c58 00000000 03fd6c58 03fd6e40 

Instructions: (pc=0x10258603)
0x102585e3:   3b c7 0f 95 c1 89 46 24 89 4e 20 89 1e 8b 53 1c
0x102585f3:   8b 43 24 89 34 90 83 43 1c 01 8b fe 89 7c 24 24
0x10258603:   89 6f 04 8a 5d 00 0f be cb 51 e8 0e 65 0f 00 83
0x10258613:   c4 04 85 c0 75 14 80 fb 5f 74 0f 80 fb 3a 74 0a 


Register to memory mapping:

EAX=0x00000000 is an unknown value
EBX=0x04c34870 is an unknown value
ECX=0x1034d8d2 is an unknown value
EDX=0x00000016 is an unknown value
ESP=0x0413cee8 is pointing into the stack for thread: 0x03d52c00
EBP=0x0442e554 is an unknown value
ESI=0x00001000 is an unknown value
EDI=0x00000000 is an unknown value


Stack: [0x040f0000,0x04140000],  sp=0x0413cee8,  free space=307k
Native frames: (J=compiled Java code, j=interpreted, Vv=VM code, C=native code)
C  [nvd3dum.dll+0x258603]

Java frames: (J=compiled Java code, j=interpreted, Vv=VM code)
j  sun.awt.windows.WToolkit.eventLoop()V+0
j  sun.awt.windows.WToolkit.run()V+49
j  java.lang.Thread.run()V+11
v  ~StubRoutines::call_stub

---------------  P R O C E S S  ---------------

Java Threads: ( => current thread )
  0x011ea800 JavaThread "DestroyJavaVM" [_thread_blocked, id=3048, stack(0x01170000,0x011c0000)]
  0x03d9fc00 JavaThread "AWT-EventQueue-0" [_thread_in_native, id=3904, stack(0x04260000,0x042b0000)]
=>0x03d52c00 JavaThread "AWT-Windows" daemon [_thread_in_native, id=1564, stack(0x040f0000,0x04140000)]
  0x03d52000 JavaThread "AWT-Shutdown" [_thread_blocked, id=1360, stack(0x03f40000,0x03f90000)]
  0x03d4f400 JavaThread "Java2D Disposer" daemon [_thread_blocked, id=1548, stack(0x04060000,0x040b0000)]
  0x018ca800 JavaThread "Service Thread" daemon [_thread_blocked, id=1936, stack(0x01270000,0x012c0000)]
  0x018bf800 JavaThread "C1 CompilerThread0" daemon [_thread_blocked, id=3600, stack(0x01460000,0x014b0000)]
  0x018be800 JavaThread "Attach Listener" daemon [_thread_blocked, id=2908, stack(0x03bd0000,0x03c20000)]
  0x018bb400 JavaThread "Signal Dispatcher" daemon [_thread_blocked, id=2572, stack(0x03aa0000,0x03af0000)]
  0x018a9c00 JavaThread "Finalizer" daemon [_thread_blocked, id=3516, stack(0x03a20000,0x03a70000)]
  0x018a5000 JavaThread "Reference Handler" daemon [_thread_blocked, id=2980, stack(0x03b60000,0x03bb0000)]

Other Threads:
  0x018a3400 VMThread [stack: 0x039c0000,0x03a10000] [id=1804]
  0x018e9c00 WatcherThread [stack: 0x03ce0000,0x03d30000] [id=2960]

VM state:not at safepoint (normal execution)

VM Mutex/Monitor currently owned by a thread: None

Heap
 def new generation   total 4928K, used 1581K [0x238f0000, 0x23e40000, 0x28e40000)
  eden space 4416K,  35% used [0x238f0000, 0x23a7b6f8, 0x23d40000)
  from space 512K,   0% used [0x23d40000, 0x23d40000, 0x23dc0000)
  to   space 512K,   0% used [0x23dc0000, 0x23dc0000, 0x23e40000)
 tenured generation   total 10944K, used 0K [0x28e40000, 0x298f0000, 0x338f0000)
   the space 10944K,   0% used [0x28e40000, 0x28e40000, 0x28e40200, 0x298f0000)
 compacting perm gen  total 12288K, used 874K [0x338f0000, 0x344f0000, 0x378f0000)
   the space 12288K,   7% used [0x338f0000, 0x339ca980, 0x339caa00, 0x344f0000)
    ro space 10240K,  45% used [0x378f0000, 0x37d77988, 0x37d77a00, 0x382f0000)
    rw space 12288K,  54% used [0x382f0000, 0x3897b5d8, 0x3897b600, 0x38ef0000)

Card table byte_map: [0x03900000,0x039b0000] byte_map_base: 0x037e3880

Polling page: 0x00470000

Code Cache  [0x01900000, 0x019a8000, 0x03900000)
 total_blobs=232 nmethods=41 adapters=126 free_code_cache=32120Kb largest_free_block=32891072

Compilation events (10 events):
Event: 0.251 Thread 0x018bf800   37             java.lang.Float::compare (46 bytes)
Event: 0.252 Thread 0x018bf800 nmethod 37 0x019a0308 code [0x019a0400, 0x019a0540]
Event: 0.255 Thread 0x018bf800   38             java.util.HashMap$Entry::<init> (26 bytes)
Event: 0.255 Thread 0x018bf800 nmethod 38 0x019a0948 code [0x019a0a40, 0x019a0b00]
Event: 0.257 Thread 0x018bf800   39             java.lang.String::getChars (62 bytes)
Event: 0.257 Thread 0x018bf800 nmethod 39 0x019a0b48 code [0x019a0c80, 0x019a0f10]
Event: 0.274 Thread 0x018bf800   40             java.util.HashMap::createEntry (39 bytes)
Event: 0.274 Thread 0x018bf800 nmethod 40 0x019a1708 code [0x019a1810, 0x019a19d0]
Event: 0.274 Thread 0x018bf800   41             java.util.HashMap::addEntry (69 bytes)
Event: 0.275 Thread 0x018bf800 nmethod 41 0x019a1b48 code [0x019a1c70, 0x019a1db4]

GC Heap History (0 events):
No events

Deoptimization events (0 events):
No events

Internal exceptions (10 events):
Event: 0.234 Thread 0x011ea800 Threw 0x239eae68 at C:\jdk7u2_32P\jdk7u21\hotspot\src\share\vm\classfile\systemDictionary.cpp:179
Event: 0.234 Thread 0x011ea800 Threw 0x239eb198 at C:\jdk7u2_32P\jdk7u21\hotspot\src\share\vm\classfile\systemDictionary.cpp:179
Event: 0.234 Thread 0x011ea800 Threw 0x239eb510 at C:\jdk7u2_32P\jdk7u21\hotspot\src\share\vm\classfile\systemDictionary.cpp:179
Event: 0.234 Thread 0x011ea800 Threw 0x239eba50 at C:\jdk7u2_32P\jdk7u21\hotspot\src\share\vm\classfile\systemDictionary.cpp:179
Event: 0.235 Thread 0x011ea800 Threw 0x239ebf80 at C:\jdk7u2_32P\jdk7u21\hotspot\src\share\vm\classfile\systemDictionary.cpp:179
Event: 0.235 Thread 0x011ea800 Threw 0x239ec560 at C:\jdk7u2_32P\jdk7u21\hotspot\src\share\vm\classfile\systemDictionary.cpp:179
Event: 0.235 Thread 0x011ea800 Threw 0x239ec7c0 at C:\jdk7u2_32P\jdk7u21\hotspot\src\share\vm\classfile\systemDictionary.cpp:179
Event: 0.235 Thread 0x011ea800 Threw 0x239ecb28 at C:\jdk7u2_32P\jdk7u21\hotspot\src\share\vm\classfile\systemDictionary.cpp:179
Event: 0.235 Thread 0x011ea800 Threw 0x239ed458 at C:\jdk7u2_32P\jdk7u21\hotspot\src\share\vm\classfile\systemDictionary.cpp:179
Event: 0.258 Thread 0x011ea800 Threw 0x23a4b638 at C:\jdk7u2_32P\jdk7u21\hotspot\src\share\vm\prims\jvm.cpp:1166

Events (10 events):
Event: 0.272 loading class 0x38f9a200
Event: 0.272 loading class 0x38f9a200 done
Event: 0.273 loading class 0x38f4d390
Event: 0.273 loading class 0x38f4d390 done
Event: 0.274 loading class 0x38f65710
Event: 0.274 loading class 0x38f65878
Event: 0.274 loading class 0x38f65878 done
Event: 0.274 loading class 0x38f65710 done
Event: 0.275 loading class 0x38f65f18
Event: 0.275 loading class 0x38f65f18 done


Dynamic libraries:
0x012d0000 - 0x012ff000 	C:\Program Files\Java\jdk1.7.0_21\bin\java.exe
0x77d40000 - 0x77e7c000 	C:\Windows\SYSTEM32\ntdll.dll
0x76d00000 - 0x76dd4000 	C:\Windows\system32\kernel32.dll
0x76160000 - 0x761ab000 	C:\Windows\system32\KERNELBASE.dll
0x76b70000 - 0x76c10000 	C:\Windows\system32\ADVAPI32.dll
0x76530000 - 0x765dc000 	C:\Windows\system32\msvcrt.dll
0x766f0000 - 0x76709000 	C:\Windows\SYSTEM32\sechost.dll
0x76430000 - 0x764d1000 	C:\Windows\system32\RPCRT4.dll
0x76de0000 - 0x76ea9000 	C:\Windows\system32\USER32.dll
0x764e0000 - 0x7652e000 	C:\Windows\system32\GDI32.dll
0x77e80000 - 0x77e8a000 	C:\Windows\system32\LPK.dll
0x76eb0000 - 0x76f4d000 	C:\Windows\system32\USP10.dll
0x74c30000 - 0x74dce000 	C:\Windows\WinSxS\x86_microsoft.windows.common-controls_6595b64144ccf1df_6.0.7600.16661_none_420fe3fa2b8113bd\COMCTL32.dll
0x77ea0000 - 0x77ef7000 	C:\Windows\system32\SHLWAPI.dll
0x76ce0000 - 0x76cff000 	C:\Windows\system32\IMM32.DLL
0x76c10000 - 0x76cdc000 	C:\Windows\system32\MSCTF.dll
0x6fb90000 - 0x6fc4e000 	C:\Program Files\Java\jdk1.7.0_21\jre\bin\msvcr100.dll
0x686f0000 - 0x68a3f000 	C:\Program Files\Java\jdk1.7.0_21\jre\bin\client\jvm.dll
0x73870000 - 0x73877000 	C:\Windows\system32\WSOCK32.dll
0x77f30000 - 0x77f65000 	C:\Windows\system32\WS2_32.dll
0x77e90000 - 0x77e96000 	C:\Windows\system32\NSI.dll
0x73bb0000 - 0x73be2000 	C:\Windows\system32\WINMM.dll
0x76820000 - 0x76825000 	C:\Windows\system32\PSAPI.DLL
0x74e10000 - 0x74e1c000 	C:\Program Files\Java\jdk1.7.0_21\jre\bin\verify.dll
0x745d0000 - 0x745f0000 	C:\Program Files\Java\jdk1.7.0_21\jre\bin\java.dll
0x746b0000 - 0x746c3000 	C:\Program Files\Java\jdk1.7.0_21\jre\bin\zip.dll
0x6a870000 - 0x6a9b2000 	C:\Program Files\Java\jdk1.7.0_21\jre\bin\awt.dll
0x76790000 - 0x7681f000 	C:\Windows\system32\OLEAUT32.dll
0x762d0000 - 0x7642c000 	C:\Windows\system32\ole32.dll
0x73ec0000 - 0x73f00000 	C:\Windows\system32\uxtheme.dll
0x73b50000 - 0x73b63000 	C:\Windows\system32\dwmapi.dll
0x75e60000 - 0x75e6c000 	C:\Windows\system32\CRYPTBASE.dll
0x770f0000 - 0x77d39000 	C:\Windows\system32\SHELL32.dll
0x70f50000 - 0x70f81000 	C:\Program Files\Java\jdk1.7.0_21\jre\bin\fontmanager.dll
0x70ad0000 - 0x70c93000 	C:\Windows\system32\d3d9.dll
0x75460000 - 0x75469000 	C:\Windows\system32\VERSION.dll
0x70ca0000 - 0x70ca6000 	C:\Windows\system32\d3d8thk.dll
0x10000000 - 0x105a4000 	C:\Windows\system32\nvd3dum.dll

VM Arguments:
jvm_args: -Dfile.encoding=UTF-8 
java_command: MainPage
Launcher Type: SUN_STANDARD

Environment Variables:
PATH=C:\Windows\system32;C:\Windows;C:\Windows\System32\Wbem;C:\Windows\System32\WindowsPowerShell\v1.0\;C:\Program Files\nodejs\;C:\Users\BJOSHI\AppData\Roaming\npm
USERNAME=BJOSHI
OS=Windows_NT
PROCESSOR_IDENTIFIER=x86 Family 6 Model 23 Stepping 10, GenuineIntel



---------------  S Y S T E M  ---------------

OS: Windows 7 Build 7600 

CPU:total 2 (2 cores per cpu, 1 threads per core) family 6 model 23 stepping 10, cmov, cx8, fxsr, mmx, sse, sse2, sse3, ssse3, sse4.1, tsc

Memory: 4k page, physical 1833388k(331740k free), swap 2009036k(5120k free)

vm_info: Java HotSpot(TM) Client VM (23.21-b01) for windows-x86 JRE (1.7.0_21-b11), built on Apr  4 2013 04:43:10 by "java_re" with unknown MS VC++:1600

time: Wed Mar 12 06:22:29 2014
elapsed time: 0 seconds

