#
# A fatal error has been detected by the Java Runtime Environment:
#
#  EXCEPTION_ACCESS_VIOLATION (0xc0000005) at pc=0x10258603, pid=2748, tid=1028
#
# JRE version: 7.0_21-b11
# Java VM: Java HotSpot(TM) Client VM (23.21-b01 mixed mode, sharing windows-x86 )
# Problematic frame:
# C  [nvd3dum.dll+0x258603]
#
# Failed to write core dump. Minidumps are not enabled by default on client versions of Windows
#
# If you would like to submit a bug report, please visit:
#   http://bugreport.sun.com/bugreport/crash.jsp
# The crash happened outside the Java Virtual Machine in native code.
# See problematic frame for where to report the bug.
#

---------------  T H R E A D  ---------------

Current thread (0x03e72c00):  JavaThread "AWT-Windows" daemon [_thread_in_native, id=1028, stack(0x04230000,0x04280000)]

siginfo: ExceptionCode=0xc0000005, writing address 0x00000004

Registers:
EAX=0x00000000, EBX=0x04baac70, ECX=0x1034d8d2, EDX=0x00000016
ESP=0x0427d0d8, EBP=0x04767db8, ESI=0x00001000, EDI=0x00000000
EIP=0x10258603, EFLAGS=0x00010246

Top of Stack: (sp=0x0427d0d8)
0x0427d0d8:   04756e40 00020000 00000000 80000000
0x0427d0e8:   1034d3ef 00000004 04756e40 10257fb8
0x0427d0f8:   04760048 00000000 00001000 0000ffff
0x0427d108:   0427d154 0002d765 10259402 04760048
0x0427d118:   80000000 0019e160 04754f00 04754f00
0x0427d128:   00000000 00040000 1029d42a 103a53c8
0x0427d138:   00000001 00000284 00000000 04754f00
0x0427d148:   04756c58 00000000 04756c58 04756e40 

Instructions: (pc=0x10258603)
0x102585e3:   3b c7 0f 95 c1 89 46 24 89 4e 20 89 1e 8b 53 1c
0x102585f3:   8b 43 24 89 34 90 83 43 1c 01 8b fe 89 7c 24 24
0x10258603:   89 6f 04 8a 5d 00 0f be cb 51 e8 0e 65 0f 00 83
0x10258613:   c4 04 85 c0 75 14 80 fb 5f 74 0f 80 fb 3a 74 0a 


Register to memory mapping:

EAX=0x00000000 is an unknown value
EBX=0x04baac70 is an unknown value
ECX=0x1034d8d2 is an unknown value
EDX=0x00000016 is an unknown value
ESP=0x0427d0d8 is pointing into the stack for thread: 0x03e72c00
EBP=0x04767db8 is an unknown value
ESI=0x00001000 is an unknown value
EDI=0x00000000 is an unknown value


Stack: [0x04230000,0x04280000],  sp=0x0427d0d8,  free space=308k
Native frames: (J=compiled Java code, j=interpreted, Vv=VM code, C=native code)
C  [nvd3dum.dll+0x258603]

Java frames: (J=compiled Java code, j=interpreted, Vv=VM code)
j  sun.awt.windows.WToolkit.eventLoop()V+0
j  sun.awt.windows.WToolkit.run()V+49
j  java.lang.Thread.run()V+11
v  ~StubRoutines::call_stub

---------------  P R O C E S S  ---------------

Java Threads: ( => current thread )
  0x0040a800 JavaThread "DestroyJavaVM" [_thread_blocked, id=2508, stack(0x01730000,0x01780000)]
  0x03ebdc00 JavaThread "AWT-EventQueue-0" [_thread_in_native, id=3104, stack(0x04420000,0x04470000)]
=>0x03e72c00 JavaThread "AWT-Windows" daemon [_thread_in_native, id=1028, stack(0x04230000,0x04280000)]
  0x03e72000 JavaThread "AWT-Shutdown" [_thread_blocked, id=3676, stack(0x04120000,0x04170000)]
  0x03e6f400 JavaThread "Java2D Disposer" daemon [_thread_blocked, id=2792, stack(0x03a00000,0x03a50000)]
  0x0184a000 JavaThread "Service Thread" daemon [_thread_blocked, id=3332, stack(0x03900000,0x03950000)]
  0x0183f800 JavaThread "C1 CompilerThread0" daemon [_thread_blocked, id=1292, stack(0x03960000,0x039b0000)]
  0x0183e800 JavaThread "Attach Listener" daemon [_thread_blocked, id=3636, stack(0x03cd0000,0x03d20000)]
  0x0183b400 JavaThread "Signal Dispatcher" daemon [_thread_blocked, id=1408, stack(0x03c80000,0x03cd0000)]
  0x01826800 JavaThread "Finalizer" daemon [_thread_blocked, id=2796, stack(0x03bb0000,0x03c00000)]
  0x01825000 JavaThread "Reference Handler" daemon [_thread_blocked, id=3964, stack(0x03a50000,0x03aa0000)]

Other Threads:
  0x01823400 VMThread [stack: 0x03ad0000,0x03b20000] [id=3924]
  0x01866000 WatcherThread [stack: 0x03e00000,0x03e50000] [id=3912]

VM state:not at safepoint (normal execution)

VM Mutex/Monitor currently owned by a thread: None

Heap
 def new generation   total 4928K, used 1578K [0x238f0000, 0x23e40000, 0x28e40000)
  eden space 4416K,  35% used [0x238f0000, 0x23a7ab08, 0x23d40000)
  from space 512K,   0% used [0x23d40000, 0x23d40000, 0x23dc0000)
  to   space 512K,   0% used [0x23dc0000, 0x23dc0000, 0x23e40000)
 tenured generation   total 10944K, used 0K [0x28e40000, 0x298f0000, 0x338f0000)
   the space 10944K,   0% used [0x28e40000, 0x28e40000, 0x28e40200, 0x298f0000)
 compacting perm gen  total 12288K, used 874K [0x338f0000, 0x344f0000, 0x378f0000)
   the space 12288K,   7% used [0x338f0000, 0x339ca988, 0x339caa00, 0x344f0000)
    ro space 10240K,  45% used [0x378f0000, 0x37d77988, 0x37d77a00, 0x382f0000)
    rw space 12288K,  54% used [0x382f0000, 0x3897b5d8, 0x3897b600, 0x38ef0000)

Card table byte_map: [0x012e0000,0x01390000] byte_map_base: 0x011c3880

Polling page: 0x00360000

Code Cache  [0x018f0000, 0x01998000, 0x038f0000)
 total_blobs=232 nmethods=41 adapters=126 free_code_cache=32120Kb largest_free_block=32891072

Compilation events (10 events):
Event: 0.605 Thread 0x0183f800   37             java.lang.Float::compare (46 bytes)
Event: 0.605 Thread 0x0183f800 nmethod 37 0x01990308 code [0x01990400, 0x01990540]
Event: 0.608 Thread 0x0183f800   38             java.util.HashMap$Entry::<init> (26 bytes)
Event: 0.608 Thread 0x0183f800 nmethod 38 0x01990948 code [0x01990a40, 0x01990b00]
Event: 0.610 Thread 0x0183f800   39             java.lang.String::getChars (62 bytes)
Event: 0.610 Thread 0x0183f800 nmethod 39 0x01990b48 code [0x01990c80, 0x01990f10]
Event: 0.616 Thread 0x0183f800   40             java.util.HashMap::createEntry (39 bytes)
Event: 0.616 Thread 0x0183f800 nmethod 40 0x01991708 code [0x01991810, 0x019919d0]
Event: 0.616 Thread 0x0183f800   41             java.util.HashMap::addEntry (69 bytes)
Event: 0.617 Thread 0x0183f800 nmethod 41 0x01991b48 code [0x01991c70, 0x01991db4]

GC Heap History (0 events):
No events

Deoptimization events (0 events):
No events

Internal exceptions (10 events):
Event: 0.587 Thread 0x0040a800 Threw 0x239ea968 at C:\jdk7u2_32P\jdk7u21\hotspot\src\share\vm\classfile\systemDictionary.cpp:179
Event: 0.587 Thread 0x0040a800 Threw 0x239eac98 at C:\jdk7u2_32P\jdk7u21\hotspot\src\share\vm\classfile\systemDictionary.cpp:179
Event: 0.587 Thread 0x0040a800 Threw 0x239eb010 at C:\jdk7u2_32P\jdk7u21\hotspot\src\share\vm\classfile\systemDictionary.cpp:179
Event: 0.587 Thread 0x0040a800 Threw 0x239eb550 at C:\jdk7u2_32P\jdk7u21\hotspot\src\share\vm\classfile\systemDictionary.cpp:179
Event: 0.588 Thread 0x0040a800 Threw 0x239eba80 at C:\jdk7u2_32P\jdk7u21\hotspot\src\share\vm\classfile\systemDictionary.cpp:179
Event: 0.588 Thread 0x0040a800 Threw 0x239ec060 at C:\jdk7u2_32P\jdk7u21\hotspot\src\share\vm\classfile\systemDictionary.cpp:179
Event: 0.588 Thread 0x0040a800 Threw 0x239ec2c0 at C:\jdk7u2_32P\jdk7u21\hotspot\src\share\vm\classfile\systemDictionary.cpp:179
Event: 0.588 Thread 0x0040a800 Threw 0x239ec628 at C:\jdk7u2_32P\jdk7u21\hotspot\src\share\vm\classfile\systemDictionary.cpp:179
Event: 0.588 Thread 0x0040a800 Threw 0x239ecf58 at C:\jdk7u2_32P\jdk7u21\hotspot\src\share\vm\classfile\systemDictionary.cpp:179
Event: 0.611 Thread 0x0040a800 Threw 0x23a4b120 at C:\jdk7u2_32P\jdk7u21\hotspot\src\share\vm\prims\jvm.cpp:1166

Events (10 events):
Event: 0.614 loading class 0x38f9a200
Event: 0.614 loading class 0x38f9a200 done
Event: 0.614 loading class 0x38f4d390
Event: 0.615 loading class 0x38f4d390 done
Event: 0.616 loading class 0x38f65710
Event: 0.616 loading class 0x38f65878
Event: 0.616 loading class 0x38f65878 done
Event: 0.616 loading class 0x38f65710 done
Event: 0.617 loading class 0x38f65f18
Event: 0.617 loading class 0x38f65f18 done


Dynamic libraries:
0x013c0000 - 0x013ef000 	C:\Program Files\Java\jdk1.7.0_21\bin\java.exe
0x77d40000 - 0x77e7c000 	C:\Windows\SYSTEM32\ntdll.dll
0x76d00000 - 0x76dd4000 	C:\Windows\system32\kernel32.dll
0x76160000 - 0x761ab000 	C:\Windows\system32\KERNELBASE.dll
0x76b70000 - 0x76c10000 	C:\Windows\system32\ADVAPI32.dll
0x76530000 - 0x765dc000 	C:\Windows\system32\msvcrt.dll
0x766f0000 - 0x76709000 	C:\Windows\SYSTEM32\sechost.dll
0x76430000 - 0x764d1000 	C:\Windows\system32\RPCRT4.dll
0x76de0000 - 0x76ea9000 	C:\Windows\system32\USER32.dll
0x764e0000 - 0x7652e000 	C:\Windows\system32\GDI32.dll
0x77e80000 - 0x77e8a000 	C:\Windows\system32\LPK.dll
0x76eb0000 - 0x76f4d000 	C:\Windows\system32\USP10.dll
0x74c30000 - 0x74dce000 	C:\Windows\WinSxS\x86_microsoft.windows.common-controls_6595b64144ccf1df_6.0.7600.16661_none_420fe3fa2b8113bd\COMCTL32.dll
0x77ea0000 - 0x77ef7000 	C:\Windows\system32\SHLWAPI.dll
0x76ce0000 - 0x76cff000 	C:\Windows\system32\IMM32.DLL
0x76c10000 - 0x76cdc000 	C:\Windows\system32\MSCTF.dll
0x6fb90000 - 0x6fc4e000 	C:\Program Files\Java\jdk1.7.0_21\jre\bin\msvcr100.dll
0x686f0000 - 0x68a3f000 	C:\Program Files\Java\jdk1.7.0_21\jre\bin\client\jvm.dll
0x73870000 - 0x73877000 	C:\Windows\system32\WSOCK32.dll
0x77f30000 - 0x77f65000 	C:\Windows\system32\WS2_32.dll
0x77e90000 - 0x77e96000 	C:\Windows\system32\NSI.dll
0x73bb0000 - 0x73be2000 	C:\Windows\system32\WINMM.dll
0x76820000 - 0x76825000 	C:\Windows\system32\PSAPI.DLL
0x74e10000 - 0x74e1c000 	C:\Program Files\Java\jdk1.7.0_21\jre\bin\verify.dll
0x745d0000 - 0x745f0000 	C:\Program Files\Java\jdk1.7.0_21\jre\bin\java.dll
0x746b0000 - 0x746c3000 	C:\Program Files\Java\jdk1.7.0_21\jre\bin\zip.dll
0x6a870000 - 0x6a9b2000 	C:\Program Files\Java\jdk1.7.0_21\jre\bin\awt.dll
0x76790000 - 0x7681f000 	C:\Windows\system32\OLEAUT32.dll
0x762d0000 - 0x7642c000 	C:\Windows\system32\ole32.dll
0x73ec0000 - 0x73f00000 	C:\Windows\system32\uxtheme.dll
0x73b50000 - 0x73b63000 	C:\Windows\system32\dwmapi.dll
0x75e60000 - 0x75e6c000 	C:\Windows\system32\CRYPTBASE.dll
0x770f0000 - 0x77d39000 	C:\Windows\system32\SHELL32.dll
0x70f50000 - 0x70f81000 	C:\Program Files\Java\jdk1.7.0_21\jre\bin\fontmanager.dll
0x70ad0000 - 0x70c93000 	C:\Windows\system32\d3d9.dll
0x75460000 - 0x75469000 	C:\Windows\system32\VERSION.dll
0x70ca0000 - 0x70ca6000 	C:\Windows\system32\d3d8thk.dll
0x10000000 - 0x105a4000 	C:\Windows\system32\nvd3dum.dll

VM Arguments:
jvm_args: -Dfile.encoding=UTF-8 
java_command: MainPage
Launcher Type: SUN_STANDARD

Environment Variables:
PATH=C:\Windows\system32;C:\Windows;C:\Windows\System32\Wbem;C:\Windows\System32\WindowsPowerShell\v1.0\;C:\Program Files\nodejs\;C:\Users\BJOSHI\AppData\Roaming\npm
USERNAME=BJOSHI
OS=Windows_NT
PROCESSOR_IDENTIFIER=x86 Family 6 Model 23 Stepping 10, GenuineIntel



---------------  S Y S T E M  ---------------

OS: Windows 7 Build 7600 

CPU:total 2 (2 cores per cpu, 1 threads per core) family 6 model 23 stepping 10, cmov, cx8, fxsr, mmx, sse, sse2, sse3, ssse3, sse4.1, tsc

Memory: 4k page, physical 1833388k(234476k free), swap 2009036k(5116k free)

vm_info: Java HotSpot(TM) Client VM (23.21-b01) for windows-x86 JRE (1.7.0_21-b11), built on Apr  4 2013 04:43:10 by "java_re" with unknown MS VC++:1600

time: Wed Mar 12 06:35:49 2014
elapsed time: 0 seconds

