#
# There is insufficient memory for the Java Runtime Environment to continue.
# Native memory allocation (malloc) failed to allocate 78784 bytes for Chunk::new
# Possible reasons:
#   The system is out of physical RAM or swap space
#   In 32 bit mode, the process size limit was hit
# Possible solutions:
#   Reduce memory load on the system
#   Increase physical memory or swap space
#   Check if swap backing store is full
#   Use 64 bit Java on a 64 bit OS
#   Decrease Java heap size (-Xmx/-Xms)
#   Decrease number of Java threads
#   Decrease Java thread stack sizes (-Xss)
#   Set larger code cache with -XX:ReservedCodeCacheSize=
# This output file may be truncated or incomplete.
#
#  Out of Memory Error (allocation.cpp:328), pid=1280, tid=2936
#
# JRE version: 7.0_21-b11
# Java VM: Java HotSpot(TM) Client VM (23.21-b01 mixed mode windows-x86 )
# Failed to write core dump. Minidumps are not enabled by default on client versions of Windows
#

---------------  T H R E A D  ---------------

Current thread (0x0144a800):  JavaThread "main" [_thread_in_native, id=2936, stack(0x00190000,0x001e0000)]

Stack: [0x00190000,0x001e0000],  sp=0x001dec88,  free space=315k
Native frames: (J=compiled Java code, j=interpreted, Vv=VM code, C=native code)
V  [jvm.dll+0x170511]
V  [jvm.dll+0x16a815]
V  [jvm.dll+0x5e97c]
V  [jvm.dll+0x5eb43]
V  [jvm.dll+0x70f4a]
V  [jvm.dll+0x1b650]
V  [jvm.dll+0x1c7d4]
V  [jvm.dll+0x1bbf5]
V  [jvm.dll+0x2c8df]
V  [jvm.dll+0x2dcc8]
V  [jvm.dll+0x2e38b]
V  [jvm.dll+0x2e3da]
V  [jvm.dll+0x7b4ac]
V  [jvm.dll+0x51616]
V  [jvm.dll+0x51643]
j  javax.swing.plaf.nimbus.NimbusLookAndFeel.<init>()V+28
v  ~StubRoutines::call_stub
V  [jvm.dll+0x12b41a]
V  [jvm.dll+0x1daa0e]
V  [jvm.dll+0x12b49d]
V  [jvm.dll+0x13648e]
V  [jvm.dll+0x1369a2]
V  [jvm.dll+0xd580f]
C  [java.dll+0x7dfa]
j  sun.reflect.NativeConstructorAccessorImpl.newInstance([Ljava/lang/Object;)Ljava/lang/Object;+72
j  sun.reflect.DelegatingConstructorAccessorImpl.newInstance([Ljava/lang/Object;)Ljava/lang/Object;+5
j  java.lang.reflect.Constructor.newInstance([Ljava/lang/Object;)Ljava/lang/Object;+80
j  java.lang.Class.newInstance0()Ljava/lang/Object;+118
j  java.lang.Class.newInstance()Ljava/lang/Object;+16
j  javax.swing.UIManager.setLookAndFeel(Ljava/lang/String;)V+28
j  MainPage.main([Ljava/lang/String;)V+38
v  ~StubRoutines::call_stub
V  [jvm.dll+0x12b41a]
V  [jvm.dll+0x1daa0e]
V  [jvm.dll+0x12b49d]
V  [jvm.dll+0xaf3f4]
V  [jvm.dll+0xb9777]
C  [java.exe+0x205f]
C  [java.exe+0xa5a1]
C  [java.exe+0xa62b]
C  [kernel32.dll+0x51154]
C  [ntdll.dll+0x5b299]
C  [ntdll.dll+0x5b26c]

Java frames: (J=compiled Java code, j=interpreted, Vv=VM code)
j  javax.swing.plaf.nimbus.NimbusLookAndFeel.<init>()V+28
v  ~StubRoutines::call_stub
j  sun.reflect.NativeConstructorAccessorImpl.newInstance0(Ljava/lang/reflect/Constructor;[Ljava/lang/Object;)Ljava/lang/Object;+0
j  sun.reflect.NativeConstructorAccessorImpl.newInstance([Ljava/lang/Object;)Ljava/lang/Object;+72
j  sun.reflect.DelegatingConstructorAccessorImpl.newInstance([Ljava/lang/Object;)Ljava/lang/Object;+5
j  java.lang.reflect.Constructor.newInstance([Ljava/lang/Object;)Ljava/lang/Object;+80
j  java.lang.Class.newInstance0()Ljava/lang/Object;+118
j  java.lang.Class.newInstance()Ljava/lang/Object;+16
j  javax.swing.UIManager.setLookAndFeel(Ljava/lang/String;)V+28
j  MainPage.main([Ljava/lang/String;)V+38
v  ~StubRoutines::call_stub

---------------  P R O C E S S  ---------------

Java Threads: ( => current thread )
  0x03ccd800 JavaThread "AWT-Windows" daemon [_thread_in_native, id=276, stack(0x04240000,0x04290000)]
  0x03ccd000 JavaThread "AWT-Shutdown" [_thread_blocked, id=2088, stack(0x03ec0000,0x03f10000)]
  0x03cc9c00 JavaThread "Java2D Disposer" daemon [_thread_blocked, id=1980, stack(0x04180000,0x041d0000)]
  0x03bf5c00 JavaThread "Service Thread" daemon [_thread_blocked, id=2076, stack(0x03ae0000,0x03b30000)]
  0x03bf1000 JavaThread "C1 CompilerThread0" daemon [_thread_blocked, id=2676, stack(0x03f40000,0x03f90000)]
  0x03bee000 JavaThread "Attach Listener" daemon [_thread_blocked, id=768, stack(0x03dc0000,0x03e10000)]
  0x03beac00 JavaThread "Signal Dispatcher" daemon [_thread_blocked, id=3312, stack(0x03e60000,0x03eb0000)]
  0x018eec00 JavaThread "Finalizer" daemon [_thread_blocked, id=3764, stack(0x03a10000,0x03a60000)]
  0x018ed800 JavaThread "Reference Handler" daemon [_thread_blocked, id=3860, stack(0x03b40000,0x03b90000)]
=>0x0144a800 JavaThread "main" [_thread_in_native, id=2936, stack(0x00190000,0x001e0000)]

Other Threads:
  0x018e8000 VMThread [stack: 0x03a70000,0x03ac0000] [id=2004]
  0x03c09800 WatcherThread [stack: 0x04090000,0x040e0000] [id=3516]

VM state:not at safepoint (normal execution)

VM Mutex/Monitor currently owned by a thread: None

Heap
 def new generation   total 4928K, used 923K [0x238f0000, 0x23e40000, 0x28e40000)
  eden space 4416K,  20% used [0x238f0000, 0x239d6f20, 0x23d40000)
  from space 512K,   0% used [0x23d40000, 0x23d40000, 0x23dc0000)
  to   space 512K,   0% used [0x23dc0000, 0x23dc0000, 0x23e40000)
 tenured generation   total 10944K, used 0K [0x28e40000, 0x298f0000, 0x338f0000)
   the space 10944K,   0% used [0x28e40000, 0x28e40000, 0x28e40200, 0x298f0000)
 compacting perm gen  total 12288K, used 3665K [0x338f0000, 0x344f0000, 0x378f0000)
   the space 12288K,  29% used [0x338f0000, 0x33c84608, 0x33c84800, 0x344f0000)
No shared spaces configured.

Card table byte_map: [0x038f0000,0x039a0000] byte_map_base: 0x037d3880

Polling page: 0x001e0000

Code Cache  [0x018f0000, 0x01988000, 0x038f0000)
 total_blobs=182 nmethods=12 adapters=106 free_code_cache=32168Kb largest_free_block=32940032

Compilation events (10 events):
Event: 0.288 Thread 0x03bf1000    8             java.lang.Object::<init> (1 bytes)
Event: 0.288 Thread 0x03bf1000 nmethod 8 0x01981948 code [0x01981a40, 0x01981ad0]
Event: 0.422 Thread 0x03bf1000    9             java.lang.String::compareTo (78 bytes)
Event: 0.423 Thread 0x03bf1000 nmethod 9 0x01984c08 code [0x01984d10, 0x01984e30]
Event: 0.425 Thread 0x03bf1000   10             java.util.IdentityHashMap$IdentityHashMapIterator::hasNext (50 bytes)
Event: 0.426 Thread 0x03bf1000 nmethod 10 0x01985088 code [0x01985180, 0x01985260]
Event: 0.427 Thread 0x03bf1000   11             java.util.HashMap$HashIterator::nextEntry (99 bytes)
Event: 0.427 Thread 0x03bf1000 nmethod 11 0x01985308 code [0x01985430, 0x01985648]
Event: 0.452 Thread 0x03bf1000   12             java.util.HashMap::indexFor (6 bytes)
Event: 0.453 Thread 0x03bf1000 nmethod 12 0x01985a88 code [0x01985b80, 0x01985bf0]

GC Heap History (0 events):
No events

Deoptimization events (0 events):
No events

Internal exceptions (4 events):
Event: 0.087 Thread 0x0144a800 Threw 0x238f6060 at C:\jdk7u2_32P\jdk7u21\hotspot\src\share\vm\prims\jni.cpp:3994
Event: 0.212 Thread 0x0144a800 Threw 0x2393d168 at C:\jdk7u2_32P\jdk7u21\hotspot\src\share\vm\prims\jvm.cpp:1166
Event: 0.335 Thread 0x0144a800 Threw 0x2395c7e0 at C:\jdk7u2_32P\jdk7u21\hotspot\src\share\vm\prims\jni.cpp:716
Event: 0.447 Thread 0x0144a800 Threw 0x239c2150 at C:\jdk7u2_32P\jdk7u21\hotspot\src\share\vm\prims\jni.cpp:716

Events (10 events):
Event: 0.458 loading class 0x03ce3548
Event: 0.458 loading class 0x03ce3548 done
Event: 0.458 loading class 0x03d01138 done
Event: 0.458 loading class 0x03cff3e8
Event: 0.458 loading class 0x03cff3e8 done
Event: 0.458 loading class 0x03d01210
Event: 0.458 loading class 0x03d01210 done
Event: 0.459 loading class 0x03d03d98
Event: 0.459 loading class 0x03d03d98 done
Event: 0.459 loading class 0x03ce2c88


Dynamic libraries:
0x012b0000 - 0x012df000 	C:\Program Files\Java\jdk1.7.0_21\bin\java.exe
0x77d40000 - 0x77e7c000 	C:\Windows\SYSTEM32\ntdll.dll
0x76d00000 - 0x76dd4000 	C:\Windows\system32\kernel32.dll
0x76160000 - 0x761ab000 	C:\Windows\system32\KERNELBASE.dll
0x76b70000 - 0x76c10000 	C:\Windows\system32\ADVAPI32.dll
0x76530000 - 0x765dc000 	C:\Windows\system32\msvcrt.dll
0x766f0000 - 0x76709000 	C:\Windows\SYSTEM32\sechost.dll
0x76430000 - 0x764d1000 	C:\Windows\system32\RPCRT4.dll
0x76de0000 - 0x76ea9000 	C:\Windows\system32\USER32.dll
0x764e0000 - 0x7652e000 	C:\Windows\system32\GDI32.dll
0x77e80000 - 0x77e8a000 	C:\Windows\system32\LPK.dll
0x76eb0000 - 0x76f4d000 	C:\Windows\system32\USP10.dll
0x74c30000 - 0x74dce000 	C:\Windows\WinSxS\x86_microsoft.windows.common-controls_6595b64144ccf1df_6.0.7600.16661_none_420fe3fa2b8113bd\COMCTL32.dll
0x77ea0000 - 0x77ef7000 	C:\Windows\system32\SHLWAPI.dll
0x76ce0000 - 0x76cff000 	C:\Windows\system32\IMM32.DLL
0x76c10000 - 0x76cdc000 	C:\Windows\system32\MSCTF.dll
0x6d4a0000 - 0x6d55e000 	C:\Program Files\Java\jdk1.7.0_21\jre\bin\msvcr100.dll
0x69c50000 - 0x69f9f000 	C:\Program Files\Java\jdk1.7.0_21\jre\bin\client\jvm.dll
0x73870000 - 0x73877000 	C:\Windows\system32\WSOCK32.dll
0x77f30000 - 0x77f65000 	C:\Windows\system32\WS2_32.dll
0x77e90000 - 0x77e96000 	C:\Windows\system32\NSI.dll
0x73bb0000 - 0x73be2000 	C:\Windows\system32\WINMM.dll
0x76820000 - 0x76825000 	C:\Windows\system32\PSAPI.DLL
0x73860000 - 0x7386c000 	C:\Program Files\Java\jdk1.7.0_21\jre\bin\verify.dll
0x736b0000 - 0x736d0000 	C:\Program Files\Java\jdk1.7.0_21\jre\bin\java.dll
0x73510000 - 0x73523000 	C:\Program Files\Java\jdk1.7.0_21\jre\bin\zip.dll
0x69b00000 - 0x69c42000 	C:\Program Files\Java\jdk1.7.0_21\jre\bin\awt.dll
0x76790000 - 0x7681f000 	C:\Windows\system32\OLEAUT32.dll
0x762d0000 - 0x7642c000 	C:\Windows\system32\ole32.dll
0x73ec0000 - 0x73f00000 	C:\Windows\system32\uxtheme.dll
0x73b50000 - 0x73b63000 	C:\Windows\system32\dwmapi.dll
0x75e60000 - 0x75e6c000 	C:\Windows\system32\CRYPTBASE.dll
0x770f0000 - 0x77d39000 	C:\Windows\system32\SHELL32.dll

VM Arguments:
jvm_args: -Dfile.encoding=UTF-8 
java_command: MainPage
Launcher Type: SUN_STANDARD

Environment Variables:
PATH=C:\Windows\system32;C:\Windows;C:\Windows\System32\Wbem;C:\Windows\System32\WindowsPowerShell\v1.0\;C:\Program Files\nodejs\;C:\Users\BJOSHI\AppData\Roaming\npm
USERNAME=BJOSHI
OS=Windows_NT
PROCESSOR_IDENTIFIER=x86 Family 6 Model 23 Stepping 10, GenuineIntel



---------------  S Y S T E M  ---------------

OS: Windows 7 Build 7600 

CPU:total 2 (2 cores per cpu, 1 threads per core) family 6 model 23 stepping 10, cmov, cx8, fxsr, mmx, sse, sse2, sse3, ssse3, sse4.1, tsc

Memory: 4k page, physical 1833388k(364040k free), swap 2009036k(5108k free)

vm_info: Java HotSpot(TM) Client VM (23.21-b01) for windows-x86 JRE (1.7.0_21-b11), built on Apr  4 2013 04:43:10 by "java_re" with unknown MS VC++:1600

time: Wed Mar 12 01:57:50 2014
elapsed time: 0 seconds

