#
# There is insufficient memory for the Java Runtime Environment to continue.
# Native memory allocation (malloc) failed to allocate 168 bytes for jchar in C:\jdk7u2_32P\jdk7u21\hotspot\src\share\vm\prims\jni.cpp
# Possible reasons:
#   The system is out of physical RAM or swap space
#   In 32 bit mode, the process size limit was hit
# Possible solutions:
#   Reduce memory load on the system
#   Increase physical memory or swap space
#   Check if swap backing store is full
#   Use 64 bit Java on a 64 bit OS
#   Decrease Java heap size (-Xmx/-Xms)
#   Decrease number of Java threads
#   Decrease Java thread stack sizes (-Xss)
#   Set larger code cache with -XX:ReservedCodeCacheSize=
# This output file may be truncated or incomplete.
#
#  Out of Memory Error (memory/allocation.inline.hpp:58), pid=2424, tid=204
#
# JRE version: 7.0_21-b11
# Java VM: Java HotSpot(TM) Client VM (23.21-b01 mixed mode, sharing windows-x86 )
# Failed to write core dump. Minidumps are not enabled by default on client versions of Windows
#

---------------  T H R E A D  ---------------

Current thread (0x03d40400):  JavaThread "AWT-EventQueue-0" [_thread_in_vm, id=204, stack(0x04090000,0x040e0000)]

Stack: [0x04090000,0x040e0000],  sp=0x040de450,  free space=313k
Native frames: (J=compiled Java code, j=interpreted, Vv=VM code, C=native code)
V  [jvm.dll+0x170511]
V  [jvm.dll+0x16a815]
V  [jvm.dll+0xac34c]
C  [java.dll+0x4e3d]
C  [java.dll+0x53f2]
j  java.io.WinNTFileSystem.getBooleanAttributes(Ljava/io/File;)I+0
j  java.io.File.exists()Z+20
j  sun.misc.URLClassPath$FileLoader.getResource(Ljava/lang/String;Z)Lsun/misc/Resource;+136
j  sun.misc.URLClassPath.getResource(Ljava/lang/String;Z)Lsun/misc/Resource;+53
j  java.net.URLClassLoader$1.run()Ljava/lang/Class;+26
j  java.net.URLClassLoader$1.run()Ljava/lang/Object;+1
v  ~StubRoutines::call_stub
V  [jvm.dll+0x12b41a]
V  [jvm.dll+0x1daa0e]
V  [jvm.dll+0x12b49d]
V  [jvm.dll+0xda35a]
C  [java.dll+0x1061]
j  java.net.URLClassLoader.findClass(Ljava/lang/String;)Ljava/lang/Class;+13
j  java.lang.ClassLoader.loadClass(Ljava/lang/String;Z)Ljava/lang/Class;+70
j  sun.misc.Launcher$AppClassLoader.loadClass(Ljava/lang/String;Z)Ljava/lang/Class;+36
j  java.lang.ClassLoader.loadClass(Ljava/lang/String;)Ljava/lang/Class;+3
v  ~StubRoutines::call_stub
V  [jvm.dll+0x12b41a]
V  [jvm.dll+0x1daa0e]
V  [jvm.dll+0x12b603]
V  [jvm.dll+0x12b6df]
V  [jvm.dll+0x2cb65]
V  [jvm.dll+0x2dcc8]
V  [jvm.dll+0x2e38b]
V  [jvm.dll+0x2e3da]
V  [jvm.dll+0x7b4ac]
V  [jvm.dll+0x51616]
V  [jvm.dll+0x51643]
j  MainPage.initComponents()V+1856
j  MainPage.<init>()V+5
j  MainPage$34.run()V+4
j  java.awt.event.InvocationEvent.dispatch()V+47
j  java.awt.EventQueue.dispatchEventImpl(Ljava/awt/AWTEvent;Ljava/lang/Object;)V+21
j  java.awt.EventQueue.access$200(Ljava/awt/EventQueue;Ljava/awt/AWTEvent;Ljava/lang/Object;)V+3
j  java.awt.EventQueue$3.run()Ljava/lang/Void;+12
j  java.awt.EventQueue$3.run()Ljava/lang/Object;+1
v  ~StubRoutines::call_stub
V  [jvm.dll+0x12b41a]
V  [jvm.dll+0x1daa0e]
V  [jvm.dll+0x12b49d]
V  [jvm.dll+0xda35a]
C  [java.dll+0x102f]
j  java.security.ProtectionDomain$1.doIntersectionPrivilege(Ljava/security/PrivilegedAction;Ljava/security/AccessControlContext;Ljava/security/AccessControlContext;)Ljava/lang/Object;+28
j  java.awt.EventQueue.dispatchEvent(Ljava/awt/AWTEvent;)V+46
j  java.awt.EventDispatchThread.pumpOneEventForFilters(I)V+245
j  java.awt.EventDispatchThread.pumpEventsForFilter(ILjava/awt/Conditional;Ljava/awt/EventFilter;)V+35
j  java.awt.EventDispatchThread.pumpEventsForHierarchy(ILjava/awt/Conditional;Ljava/awt/Component;)V+11
j  java.awt.EventDispatchThread.pumpEvents(ILjava/awt/Conditional;)V+4
j  java.awt.EventDispatchThread.pumpEvents(Ljava/awt/Conditional;)V+3
j  java.awt.EventDispatchThread.run()V+9
v  ~StubRoutines::call_stub
V  [jvm.dll+0x12b41a]
V  [jvm.dll+0x1daa0e]
V  [jvm.dll+0x12b603]
V  [jvm.dll+0x12b667]
V  [jvm.dll+0xd36bf]
V  [jvm.dll+0x14b777]
V  [jvm.dll+0x14b8e0]
V  [jvm.dll+0x1802a9]
C  [msvcr100.dll+0x5c6de]
C  [msvcr100.dll+0x5c788]
C  [kernel32.dll+0x51154]
C  [ntdll.dll+0x5b299]
C  [ntdll.dll+0x5b26c]

Java frames: (J=compiled Java code, j=interpreted, Vv=VM code)
j  java.io.WinNTFileSystem.getBooleanAttributes(Ljava/io/File;)I+0
j  java.io.File.exists()Z+20
j  sun.misc.URLClassPath$FileLoader.getResource(Ljava/lang/String;Z)Lsun/misc/Resource;+136
j  sun.misc.URLClassPath.getResource(Ljava/lang/String;Z)Lsun/misc/Resource;+53
j  java.net.URLClassLoader$1.run()Ljava/lang/Class;+26
j  java.net.URLClassLoader$1.run()Ljava/lang/Object;+1
v  ~StubRoutines::call_stub
j  java.security.AccessController.doPrivileged(Ljava/security/PrivilegedExceptionAction;Ljava/security/AccessControlContext;)Ljava/lang/Object;+0
j  java.net.URLClassLoader.findClass(Ljava/lang/String;)Ljava/lang/Class;+13
j  java.lang.ClassLoader.loadClass(Ljava/lang/String;Z)Ljava/lang/Class;+70
j  sun.misc.Launcher$AppClassLoader.loadClass(Ljava/lang/String;Z)Ljava/lang/Class;+36
j  java.lang.ClassLoader.loadClass(Ljava/lang/String;)Ljava/lang/Class;+3
v  ~StubRoutines::call_stub
j  MainPage.initComponents()V+1856
j  MainPage.<init>()V+5
j  MainPage$34.run()V+4
j  java.awt.event.InvocationEvent.dispatch()V+47
j  java.awt.EventQueue.dispatchEventImpl(Ljava/awt/AWTEvent;Ljava/lang/Object;)V+21
j  java.awt.EventQueue.access$200(Ljava/awt/EventQueue;Ljava/awt/AWTEvent;Ljava/lang/Object;)V+3
j  java.awt.EventQueue$3.run()Ljava/lang/Void;+12
j  java.awt.EventQueue$3.run()Ljava/lang/Object;+1
v  ~StubRoutines::call_stub
j  java.security.AccessController.doPrivileged(Ljava/security/PrivilegedAction;Ljava/security/AccessControlContext;)Ljava/lang/Object;+0
j  java.security.ProtectionDomain$1.doIntersectionPrivilege(Ljava/security/PrivilegedAction;Ljava/security/AccessControlContext;Ljava/security/AccessControlContext;)Ljava/lang/Object;+28
j  java.awt.EventQueue.dispatchEvent(Ljava/awt/AWTEvent;)V+46
j  java.awt.EventDispatchThread.pumpOneEventForFilters(I)V+245
j  java.awt.EventDispatchThread.pumpEventsForFilter(ILjava/awt/Conditional;Ljava/awt/EventFilter;)V+35
j  java.awt.EventDispatchThread.pumpEventsForHierarchy(ILjava/awt/Conditional;Ljava/awt/Component;)V+11
j  java.awt.EventDispatchThread.pumpEvents(ILjava/awt/Conditional;)V+4
j  java.awt.EventDispatchThread.pumpEvents(Ljava/awt/Conditional;)V+3
j  java.awt.EventDispatchThread.run()V+9
v  ~StubRoutines::call_stub

---------------  P R O C E S S  ---------------

Java Threads: ( => current thread )
  0x0136a800 JavaThread "DestroyJavaVM" [_thread_blocked, id=2092, stack(0x01200000,0x01250000)]
=>0x03d40400 JavaThread "AWT-EventQueue-0" [_thread_in_vm, id=204, stack(0x04090000,0x040e0000)]
  0x03ced000 JavaThread "AWT-Windows" daemon [_thread_in_native, id=3512, stack(0x04150000,0x041a0000)]
  0x03cec800 JavaThread "AWT-Shutdown" [_thread_blocked, id=3268, stack(0x04100000,0x04150000)]
  0x03cea000 JavaThread "Java2D Disposer" daemon [_thread_blocked, id=1452, stack(0x04000000,0x04050000)]
  0x018fc000 JavaThread "Service Thread" daemon [_thread_blocked, id=3176, stack(0x03c70000,0x03cc0000)]
  0x018e1800 JavaThread "C1 CompilerThread0" daemon [_thread_blocked, id=1344, stack(0x01370000,0x013c0000)]
  0x018df800 JavaThread "Attach Listener" daemon [_thread_blocked, id=2436, stack(0x03ae0000,0x03b30000)]
  0x018dc400 JavaThread "Signal Dispatcher" daemon [_thread_blocked, id=2416, stack(0x03be0000,0x03c30000)]
  0x018c6800 JavaThread "Finalizer" daemon [_thread_blocked, id=2676, stack(0x03950000,0x039a0000)]
  0x018c4800 JavaThread "Reference Handler" daemon [_thread_blocked, id=2164, stack(0x03a80000,0x03ad0000)]

Other Threads:
  0x018c3000 VMThread [stack: 0x03a30000,0x03a80000] [id=4048]
  0x01919c00 WatcherThread [stack: 0x039c0000,0x03a10000] [id=2960]

VM state:not at safepoint (normal execution)

VM Mutex/Monitor currently owned by a thread: None

Heap
 def new generation   total 4928K, used 2893K [0x238f0000, 0x23e40000, 0x28e40000)
  eden space 4416K,  65% used [0x238f0000, 0x23bc36d8, 0x23d40000)
  from space 512K,   0% used [0x23d40000, 0x23d40000, 0x23dc0000)
  to   space 512K,   0% used [0x23dc0000, 0x23dc0000, 0x23e40000)
 tenured generation   total 10944K, used 0K [0x28e40000, 0x298f0000, 0x338f0000)
   the space 10944K,   0% used [0x28e40000, 0x28e40000, 0x28e40200, 0x298f0000)
 compacting perm gen  total 12288K, used 1370K [0x338f0000, 0x344f0000, 0x378f0000)
   the space 12288K,  11% used [0x338f0000, 0x33a46a98, 0x33a46c00, 0x344f0000)
    ro space 10240K,  45% used [0x378f0000, 0x37d77988, 0x37d77a00, 0x382f0000)
    rw space 12288K,  54% used [0x382f0000, 0x3897b5d8, 0x3897b600, 0x38ef0000)

Card table byte_map: [0x012a0000,0x01350000] byte_map_base: 0x01183880

Polling page: 0x00290000

Code Cache  [0x01920000, 0x019e8000, 0x03920000)
 total_blobs=309 nmethods=113 adapters=131 free_code_cache=31996Kb largest_free_block=32764544

Compilation events (10 events):
Event: 0.414 Thread 0x018e1800  109             java.lang.String::regionMatches (149 bytes)
Event: 0.415 Thread 0x018e1800 nmethod 109 0x019df2c8 code [0x019df450, 0x019df750]
Event: 0.416 Thread 0x018e1800  110             java.util.StringTokenizer::skipDelimiters (116 bytes)
Event: 0.416 Thread 0x018e1800 nmethod 110 0x019dfd08 code [0x019dfe60, 0x019e0170]
Event: 0.417 Thread 0x018e1800  111             java.beans.PropertyChangeSupport::fire (39 bytes)
Event: 0.417 Thread 0x018e1800 nmethod 111 0x019e0588 code [0x019e0690, 0x019e077c]
Event: 0.417 Thread 0x018e1800  112             java.lang.StringBuilder::toString (17 bytes)
Event: 0.418 Thread 0x018e1800 nmethod 112 0x019e0888 code [0x019e0990, 0x019e0a7c]
Event: 0.448 Thread 0x018e1800  113             java.lang.StringBuilder::<init> (7 bytes)
Event: 0.448 Thread 0x018e1800 nmethod 113 0x019e0b08 code [0x019e0c00, 0x019e0d10]

GC Heap History (0 events):
No events

Deoptimization events (0 events):
No events

Internal exceptions (10 events):
Event: 0.248 Thread 0x0136a800 Threw 0x239d7988 at C:\jdk7u2_32P\jdk7u21\hotspot\src\share\vm\classfile\systemDictionary.cpp:179
Event: 0.248 Thread 0x0136a800 Threw 0x239d82b8 at C:\jdk7u2_32P\jdk7u21\hotspot\src\share\vm\classfile\systemDictionary.cpp:179
Event: 0.267 Thread 0x0136a800 Threw 0x23a36438 at C:\jdk7u2_32P\jdk7u21\hotspot\src\share\vm\prims\jvm.cpp:1166
Event: 0.418 Thread 0x03d40400 Threw 0x23ba52b0 at C:\jdk7u2_32P\jdk7u21\hotspot\src\share\vm\prims\jvm.cpp:1166
Event: 0.436 Thread 0x03d40400 Threw 0x23ba7228 at C:\jdk7u2_32P\jdk7u21\hotspot\src\share\vm\prims\jvm.cpp:1166
Event: 0.448 Thread 0x03d40400 Threw 0x23ba8508 at C:\jdk7u2_32P\jdk7u21\hotspot\src\share\vm\prims\jvm.cpp:1166
Event: 0.468 Thread 0x03d40400 Threw 0x23ba97e8 at C:\jdk7u2_32P\jdk7u21\hotspot\src\share\vm\prims\jvm.cpp:1166
Event: 0.477 Thread 0x03d40400 Threw 0x23baaaf0 at C:\jdk7u2_32P\jdk7u21\hotspot\src\share\vm\prims\jvm.cpp:1166
Event: 0.478 Thread 0x03d40400 Threw 0x23babdb8 at C:\jdk7u2_32P\jdk7u21\hotspot\src\share\vm\prims\jvm.cpp:1166
Event: 0.503 Thread 0x03d40400 Threw 0x23bb0260 at C:\jdk7u2_32P\jdk7u21\hotspot\src\share\vm\prims\jvm.cpp:1166

Events (10 events):
Event: 0.500 loading class 0x03d8afa0
Event: 0.500 loading class 0x03d8afa0 done
Event: 0.501 loading class 0x018d5ab0
Event: 0.501 loading class 0x018d5ab0 done
Event: 0.501 loading class 0x0191b830
Event: 0.502 loading class 0x0191b830 done
Event: 0.502 loading class 0x018d5d70
Event: 0.502 loading class 0x018d5d70 done
Event: 0.503 loading class 0x03cd8770
Event: 0.503 loading class 0x03cd8770 done


Dynamic libraries:
0x013d0000 - 0x013ff000 	C:\Program Files\Java\jdk1.7.0_21\bin\java.exe
0x77d40000 - 0x77e7c000 	C:\Windows\SYSTEM32\ntdll.dll
0x76d00000 - 0x76dd4000 	C:\Windows\system32\kernel32.dll
0x76160000 - 0x761ab000 	C:\Windows\system32\KERNELBASE.dll
0x76b70000 - 0x76c10000 	C:\Windows\system32\ADVAPI32.dll
0x76530000 - 0x765dc000 	C:\Windows\system32\msvcrt.dll
0x766f0000 - 0x76709000 	C:\Windows\SYSTEM32\sechost.dll
0x76430000 - 0x764d1000 	C:\Windows\system32\RPCRT4.dll
0x76de0000 - 0x76ea9000 	C:\Windows\system32\USER32.dll
0x764e0000 - 0x7652e000 	C:\Windows\system32\GDI32.dll
0x77e80000 - 0x77e8a000 	C:\Windows\system32\LPK.dll
0x76eb0000 - 0x76f4d000 	C:\Windows\system32\USP10.dll
0x74c30000 - 0x74dce000 	C:\Windows\WinSxS\x86_microsoft.windows.common-controls_6595b64144ccf1df_6.0.7600.16661_none_420fe3fa2b8113bd\COMCTL32.dll
0x77ea0000 - 0x77ef7000 	C:\Windows\system32\SHLWAPI.dll
0x76ce0000 - 0x76cff000 	C:\Windows\system32\IMM32.DLL
0x76c10000 - 0x76cdc000 	C:\Windows\system32\MSCTF.dll
0x6d4a0000 - 0x6d55e000 	C:\Program Files\Java\jdk1.7.0_21\jre\bin\msvcr100.dll
0x69c50000 - 0x69f9f000 	C:\Program Files\Java\jdk1.7.0_21\jre\bin\client\jvm.dll
0x73870000 - 0x73877000 	C:\Windows\system32\WSOCK32.dll
0x77f30000 - 0x77f65000 	C:\Windows\system32\WS2_32.dll
0x77e90000 - 0x77e96000 	C:\Windows\system32\NSI.dll
0x73bb0000 - 0x73be2000 	C:\Windows\system32\WINMM.dll
0x76820000 - 0x76825000 	C:\Windows\system32\PSAPI.DLL
0x73860000 - 0x7386c000 	C:\Program Files\Java\jdk1.7.0_21\jre\bin\verify.dll
0x736b0000 - 0x736d0000 	C:\Program Files\Java\jdk1.7.0_21\jre\bin\java.dll
0x73510000 - 0x73523000 	C:\Program Files\Java\jdk1.7.0_21\jre\bin\zip.dll
0x69b00000 - 0x69c42000 	C:\Program Files\Java\jdk1.7.0_21\jre\bin\awt.dll
0x76790000 - 0x7681f000 	C:\Windows\system32\OLEAUT32.dll
0x762d0000 - 0x7642c000 	C:\Windows\system32\ole32.dll
0x73ec0000 - 0x73f00000 	C:\Windows\system32\uxtheme.dll
0x73b50000 - 0x73b63000 	C:\Windows\system32\dwmapi.dll
0x75e60000 - 0x75e6c000 	C:\Windows\system32\CRYPTBASE.dll
0x770f0000 - 0x77d39000 	C:\Windows\system32\SHELL32.dll
0x6d240000 - 0x6d271000 	C:\Program Files\Java\jdk1.7.0_21\jre\bin\fontmanager.dll

VM Arguments:
jvm_args: -Dfile.encoding=UTF-8 
java_command: MainPage
Launcher Type: SUN_STANDARD

Environment Variables:



---------------  S Y S T E M  ---------------

OS: Windows 7 Build 7600 

CPU:total 2 (2 cores per cpu, 1 threads per core) family 6 model 23 stepping 10, cmov, cx8, fxsr, mmx, sse, sse2, sse3, ssse3, sse4.1, tsc

Memory: 4k page, physical 1833388k(367692k free), swap 2009036k(5116k free)

vm_info: Java HotSpot(TM) Client VM (23.21-b01) for windows-x86 JRE (1.7.0_21-b11), built on Apr  4 2013 04:43:10 by "java_re" with unknown MS VC++:1600

time: Wed Mar 12 01:46:09 2014
elapsed time: 0 seconds

